<?xml version="1.0" encoding="UTF-8"?>
<!-- Generated by org.testng.reporters.JUnitReportReporter -->
<testsuite hostname="TestingWorld-PC" name="Login.TestCase" tests="3" failures="0" timestamp="15 May 2016 07:45:13 GMT" time="48.213" errors="0">
  <testcase name="TC_001" time="15.030" classname="Login.TestCase"/>
  <testcase name="TC_001" time="13.090" classname="Login.TestCase"/>
  <testcase name="TC_001" time="20.093" classname="Login.TestCase"/>
</testsuite> <!-- Login.TestCase -->
